<?xml version="1.0" encoding="UTF-8"?>
<testng-results ignored="0" total="2" passed="1" failed="1" skipped="0">
  <reporter-output>
  </reporter-output>
  <suite started-at="2024-02-09T22:23:53 EST" name="Default suite" finished-at="2024-02-09T22:26:53 EST" duration-ms="179423">
    <groups>
      <group name="cucumber">
        <method signature="AbstractTestNGCucumberTests.runScenario(io.cucumber.testng.PickleWrapper,io.cucumber.testng.FeatureWrapper)[pri:0, instance:Cucumber.TestNGTestRunner@17f9d882]" name="runScenario" class="io.cucumber.testng.AbstractTestNGCucumberTests"/>
      </group> <!-- cucumber -->
    </groups>
    <test started-at="2024-02-09T22:23:53 EST" name="Default test" finished-at="2024-02-09T22:26:53 EST" duration-ms="179423">
      <class name="Cucumber.TestNGTestRunner">
        <test-method is-config="true" signature="setUpClass(org.testng.ITestContext)[pri:0, instance:Cucumber.TestNGTestRunner@17f9d882]" started-at="2024-02-09T22:23:53 EST" name="setUpClass" finished-at="2024-02-09T22:23:54 EST" duration-ms="880" status="PASS">
          <params>
            <param index="0">
              <value>
                <![CDATA[org.testng.TestRunner@7b2bf745]]>
              </value>
            </param>
          </params>
          <reporter-output>
          </reporter-output>
        </test-method> <!-- setUpClass -->
        <test-method signature="runScenario(io.cucumber.testng.PickleWrapper,io.cucumber.testng.FeatureWrapper)[pri:0, instance:Cucumber.TestNGTestRunner@17f9d882]" started-at="2024-02-09T22:23:54 EST" name="runScenario" description="Runs Cucumber Scenarios" data-provider="scenarios" finished-at="2024-02-09T22:25:26 EST" duration-ms="91716" status="PASS">
          <params>
            <param index="0">
              <value>
                <![CDATA["Make the order for Women jacket"]]>
              </value>
            </param>
            <param index="1">
              <value>
                <![CDATA["Order placing"]]>
              </value>
            </param>
          </params>
          <reporter-output>
          </reporter-output>
        </test-method> <!-- runScenario -->
        <test-method signature="runScenario(io.cucumber.testng.PickleWrapper,io.cucumber.testng.FeatureWrapper)[pri:0, instance:Cucumber.TestNGTestRunner@17f9d882]" started-at="2024-02-09T22:25:26 EST" name="runScenario" description="Runs Cucumber Scenarios" data-provider="scenarios" finished-at="2024-02-09T22:26:52 EST" duration-ms="86627" status="FAIL">
          <params>
            <param index="0">
              <value>
                <![CDATA["Make the order for Women jacket"]]>
              </value>
            </param>
            <param index="1">
              <value>
                <![CDATA["Order placing"]]>
              </value>
            </param>
          </params>
          <exception class="org.openqa.selenium.ElementClickInterceptedException">
            <message>
              <![CDATA[element click intercepted: Element <select class="select" data-bind="
    attr: {
        name: inputName,
        id: uid,
        disabled: disabled,
        'aria-describedby': getDescriptionId(),
        'aria-required': required,
        'aria-invalid': error() ? true : 'false',
        placeholder: placeholder
    },
    hasFocus: focused,
    optgroup: options,
    value: value,
    optionsCaption: caption,
    optionsValue: 'value',
    optionsText: 'label',
    optionsAfterRender: function(option, item) {
        if (item &amp;&amp; item.disabled) {
            ko.applyBindingsToNode(option, {attr: {disabled: true}}, item);
        }
    }" name="region_id" id="WJ6HF5Q" aria-required="true" aria-invalid="false">...</select> is not clickable at point (386, 69). Other element would receive the click: <div id="checkout-loader" data-role="checkout-loader" class="loading-mask">...</div>
  (Session info: chrome=121.0.6167.160)
Build info: version: '4.17.0', revision: 'e52b1be057*'
System info: os.name: 'Mac OS X', os.arch: 'x86_64', os.version: '14.2.1', java.version: '17.0.8.1'
Driver info: org.openqa.selenium.chrome.ChromeDriver
Command: [fd129aae5055f9f15328eef90f4e7df1, clickElement {id=42047DB628E60231704A0780571DDEB1_element_346}]
Capabilities {acceptInsecureCerts: false, browserName: chrome, browserVersion: 121.0.6167.160, chrome: {chromedriverVersion: 121.0.6167.85 (3f98d690ad7e..., userDataDir: /var/folders/j3/0152nwjn6hd...}, fedcm:accounts: true, goog:chromeOptions: {debuggerAddress: localhost:49724}, networkConnectionEnabled: false, pageLoadStrategy: normal, platformName: mac, proxy: Proxy(), se:cdp: ws://localhost:49724/devtoo..., se:cdpVersion: 121.0.6167.160, setWindowRect: true, strictFileInteractability: false, timeouts: {implicit: 0, pageLoad: 300000, script: 30000}, unhandledPromptBehavior: dismiss and notify, webauthn:extension:credBlob: true, webauthn:extension:largeBlob: true, webauthn:extension:minPinLength: true, webauthn:extension:prf: true, webauthn:virtualAuthenticators: true}
Element: [[ChromeDriver: chrome on mac (fd129aae5055f9f15328eef90f4e7df1)] -> xpath: //select[@name='region_id']]
Session ID: fd129aae5055f9f15328eef90f4e7df1]]>
            </message>
            <full-stacktrace>
              <![CDATA[org.openqa.selenium.ElementClickInterceptedException: element click intercepted: Element <select class="select" data-bind="
    attr: {
        name: inputName,
        id: uid,
        disabled: disabled,
        'aria-describedby': getDescriptionId(),
        'aria-required': required,
        'aria-invalid': error() ? true : 'false',
        placeholder: placeholder
    },
    hasFocus: focused,
    optgroup: options,
    value: value,
    optionsCaption: caption,
    optionsValue: 'value',
    optionsText: 'label',
    optionsAfterRender: function(option, item) {
        if (item &amp;&amp; item.disabled) {
            ko.applyBindingsToNode(option, {attr: {disabled: true}}, item);
        }
    }" name="region_id" id="WJ6HF5Q" aria-required="true" aria-invalid="false">...</select> is not clickable at point (386, 69). Other element would receive the click: <div id="checkout-loader" data-role="checkout-loader" class="loading-mask">...</div>
  (Session info: chrome=121.0.6167.160)
Build info: version: '4.17.0', revision: 'e52b1be057*'
System info: os.name: 'Mac OS X', os.arch: 'x86_64', os.version: '14.2.1', java.version: '17.0.8.1'
Driver info: org.openqa.selenium.chrome.ChromeDriver
Command: [fd129aae5055f9f15328eef90f4e7df1, clickElement {id=42047DB628E60231704A0780571DDEB1_element_346}]
Capabilities {acceptInsecureCerts: false, browserName: chrome, browserVersion: 121.0.6167.160, chrome: {chromedriverVersion: 121.0.6167.85 (3f98d690ad7e..., userDataDir: /var/folders/j3/0152nwjn6hd...}, fedcm:accounts: true, goog:chromeOptions: {debuggerAddress: localhost:49724}, networkConnectionEnabled: false, pageLoadStrategy: normal, platformName: mac, proxy: Proxy(), se:cdp: ws://localhost:49724/devtoo..., se:cdpVersion: 121.0.6167.160, setWindowRect: true, strictFileInteractability: false, timeouts: {implicit: 0, pageLoad: 300000, script: 30000}, unhandledPromptBehavior: dismiss and notify, webauthn:extension:credBlob: true, webauthn:extension:largeBlob: true, webauthn:extension:minPinLength: true, webauthn:extension:prf: true, webauthn:virtualAuthenticators: true}
Element: [[ChromeDriver: chrome on mac (fd129aae5055f9f15328eef90f4e7df1)] -> xpath: //select[@name='region_id']]
Session ID: fd129aae5055f9f15328eef90f4e7df1
at java.base/jdk.internal.reflect.NativeConstructorAccessorImpl.newInstance0(Native Method)
at java.base/jdk.internal.reflect.NativeConstructorAccessorImpl.newInstance(NativeConstructorAccessorImpl.java:77)
at java.base/jdk.internal.reflect.DelegatingConstructorAccessorImpl.newInstance(DelegatingConstructorAccessorImpl.java:45)
at java.base/java.lang.reflect.Constructor.newInstanceWithCaller(Constructor.java:499)
at java.base/java.lang.reflect.Constructor.newInstance(Constructor.java:480)
at org.openqa.selenium.remote.codec.w3c.W3CHttpResponseCodec.createException(W3CHttpResponseCodec.java:185)
at org.openqa.selenium.remote.codec.w3c.W3CHttpResponseCodec.decode(W3CHttpResponseCodec.java:134)
at org.openqa.selenium.remote.codec.w3c.W3CHttpResponseCodec.decode(W3CHttpResponseCodec.java:51)
at org.openqa.selenium.remote.HttpCommandExecutor.execute(HttpCommandExecutor.java:190)
at org.openqa.selenium.remote.service.DriverCommandExecutor.invokeExecute(DriverCommandExecutor.java:216)
at org.openqa.selenium.remote.service.DriverCommandExecutor.execute(DriverCommandExecutor.java:174)
at org.openqa.selenium.remote.RemoteWebDriver.execute(RemoteWebDriver.java:519)
at org.openqa.selenium.remote.RemoteWebElement.execute(RemoteWebElement.java:223)
at org.openqa.selenium.remote.RemoteWebElement.click(RemoteWebElement.java:76)
at com.EcommerceSiteAutomation.PageObjects.Shipping.selectShipping(Shipping.java:85)
at com.EcommerceSiteAutomation.stepDefinition.PlaceOrderStepDefinition.i_add_the_shipping_address(PlaceOrderStepDefinition.java:62)
at ✽.I add the shipping address Shanika Jayakody Trevor Street London Alaska N6G2N1 United States +226345234(file:///Users/nimesha/eclipse-workspace/EcommerceSiteAutomation/src/test/java/Cucumber/CucumberTest.feature:31)
]]>
            </full-stacktrace>
          </exception> <!-- org.openqa.selenium.ElementClickInterceptedException -->
          <reporter-output>
          </reporter-output>
        </test-method> <!-- runScenario -->
        <test-method is-config="true" signature="tearDownClass()[pri:0, instance:Cucumber.TestNGTestRunner@17f9d882]" started-at="2024-02-09T22:26:52 EST" name="tearDownClass" finished-at="2024-02-09T22:26:53 EST" duration-ms="88" status="PASS">
          <reporter-output>
          </reporter-output>
        </test-method> <!-- tearDownClass -->
      </class> <!-- Cucumber.TestNGTestRunner -->
    </test> <!-- Default test -->
  </suite> <!-- Default suite -->
</testng-results>
